<?xml version="1.0" encoding="UTF-8"?>
<testsuite name="models.NewsArticlesTest" tests="9" skipped="0" failures="0" errors="0" timestamp="2021-05-11T12:24:21" hostname="emmanuela-HP-ENVY-x360-Convertible" time="0.004">
  <properties/>
  <testcase name="newsArticlesAuthorReturnsCorrectly_String" classname="models.NewsArticlesTest" time="0.001"/>
  <testcase name="setNameSetsCorrectName_String" classname="models.NewsArticlesTest" time="0.0"/>
  <testcase name="newsArticlesNameReturnsCorrectly_String" classname="models.NewsArticlesTest" time="0.0"/>
  <testcase name="setDescriptionSetsCorrectDescription_String" classname="models.NewsArticlesTest" time="0.0"/>
  <testcase name="setArticleIdSetsCorrectId_int" classname="models.NewsArticlesTest" time="0.0"/>
  <testcase name="instantiatesNewsArticlesObjectsCorrectly_true" classname="models.NewsArticlesTest" time="0.0"/>
  <testcase name="setAuthorSetsCorrectAuthor_String" classname="models.NewsArticlesTest" time="0.0"/>
  <testcase name="newsArticlesIdReturnsCorrectly_int" classname="models.NewsArticlesTest" time="0.0"/>
  <testcase name="newsArticlesDescriptionReturnsCorrectly_String" classname="models.NewsArticlesTest" time="0.0"/>
  <system-out><![CDATA[]]></system-out>
  <system-err><![CDATA[]]></system-err>
</testsuite>
