<?xml version="1.0" encoding="UTF-8"?>
<testsuite name="models.UsersTest" tests="9" skipped="0" failures="0" errors="0" timestamp="2021-05-11T21:09:17" hostname="emmanuela-HP-ENVY-x360-Convertible" time="0.003">
  <properties/>
  <testcase name="instantiatesUserObjectsCorrectly_true" classname="models.UsersTest" time="0.001"/>
  <testcase name="userDepartmentReturnsCorrectly_String" classname="models.UsersTest" time="0.0"/>
  <testcase name="setDepartmentSetsCorrectDepartment_String" classname="models.UsersTest" time="0.0"/>
  <testcase name="userNameReturnsCorrectly_String" classname="models.UsersTest" time="0.0"/>
  <testcase name="userIdReturnsCorrectly_int" classname="models.UsersTest" time="0.0"/>
  <testcase name="setRoleSetsCorrectRole_String" classname="models.UsersTest" time="0.001"/>
  <testcase name="setUserIdSetsCorrectly_int" classname="models.UsersTest" time="0.0"/>
  <testcase name="userRoleReturnsCorrectly_String" classname="models.UsersTest" time="0.0"/>
  <testcase name="setNameSetsCorrectUserName_String" classname="models.UsersTest" time="0.0"/>
  <system-out><![CDATA[]]></system-out>
  <system-err><![CDATA[]]></system-err>
</testsuite>
